0 verbose cli /usr/bin/node /usr/bin/npm
1 info using npm@9.2.0
2 info using node@v20.19.2
3 timing npm:load:whichnode Completed in 0ms
4 timing config:load:defaults Completed in 1ms
5 timing config:load:file:/usr/share/nodejs/npm/npmrc Completed in 1ms
6 timing config:load:builtin Completed in 1ms
7 timing config:load:cli Completed in 1ms
8 timing config:load:env Completed in 0ms
9 timing config:load:file:/itayg2341__chat-app-react/server/.npmrc Completed in 1ms
10 timing config:load:project Completed in 1ms
11 timing config:load:file:/itayg2341__chat-app-react/.npmrc Completed in 0ms
12 timing config:load:user Completed in 0ms
13 timing config:load:file:/etc/npmrc Completed in 0ms
14 timing config:load:global Completed in 0ms
15 timing config:load:setEnvs Completed in 1ms
16 timing config:load Completed in 5ms
17 timing npm:load:configload Completed in 5ms
18 timing npm:load:mkdirpcache Completed in 0ms
19 timing npm:load:mkdirplogs Completed in 0ms
20 verbose title npm install multer
21 verbose argv "--prefix" "server" "install" "multer"
22 timing npm:load:setTitle Completed in 0ms
23 timing config:load:flatten Completed in 2ms
24 timing npm:load:display Completed in 2ms
25 verbose logfile logs-max:10 dir:/itayg2341__chat-app-react/.npm/_logs/2025-09-01T20_50_18_875Z-
26 verbose logfile /itayg2341__chat-app-react/.npm/_logs/2025-09-01T20_50_18_875Z-debug-0.log
27 timing npm:load:logFile Completed in 3ms
28 timing npm:load:timers Completed in 0ms
29 timing npm:load:configScope Completed in 0ms
30 timing npm:load Completed in 12ms
31 silly logfile done cleaning log files
32 timing config:load:flatten Completed in 0ms
33 timing arborist:ctor Completed in 0ms
34 timing idealTree:init Completed in 62ms
35 timing idealTree:userRequests Completed in 1ms
36 silly idealTree buildDeps
37 silly fetch manifest multer@*
38 timing arborist:ctor Completed in 0ms
39 http fetch GET 200 https://registry.npmjs.org/multer 102ms (cache miss)
40 silly placeDep ROOT multer@2.0.2 OK for: chat-app-backend@1.0.0 want: *
41 silly fetch manifest append-field@^1.0.0
42 silly fetch manifest busboy@^1.6.0
43 silly fetch manifest concat-stream@^2.0.0
44 silly fetch manifest mkdirp@^0.5.6
45 silly fetch manifest xtend@^4.0.2
46 http fetch GET 200 https://registry.npmjs.org/mkdirp 10ms (cache hit)
47 http fetch GET 200 https://registry.npmjs.org/append-field 24ms (cache miss)
48 http fetch GET 200 https://registry.npmjs.org/xtend 44ms (cache miss)
49 http fetch GET 200 https://registry.npmjs.org/concat-stream 53ms (cache miss)
50 http fetch GET 200 https://registry.npmjs.org/busboy 662ms (cache miss)
51 timing idealTree:#root Completed in 770ms
52 silly placeDep ROOT append-field@1.0.0 OK for: multer@2.0.2 want: ^1.0.0
53 silly placeDep ROOT busboy@1.6.0 OK for: multer@2.0.2 want: ^1.6.0
54 silly placeDep ROOT concat-stream@2.0.0 OK for: multer@2.0.2 want: ^2.0.0
55 silly placeDep node_modules/multer mkdirp@0.5.6 OK for: multer@2.0.2 want: ^0.5.6
56 silly placeDep ROOT xtend@4.0.2 OK for: multer@2.0.2 want: ^4.0.2
57 silly fetch manifest streamsearch@^1.1.0
58 silly fetch manifest buffer-from@^1.0.0
59 silly fetch manifest typedarray@^0.0.6
60 silly fetch manifest minimist@^1.2.6
61 http fetch GET 200 https://registry.npmjs.org/minimist 3ms (cache hit)
62 http fetch GET 200 https://registry.npmjs.org/typedarray 29ms (cache miss)
63 http fetch GET 200 https://registry.npmjs.org/buffer-from 37ms (cache miss)
64 http fetch GET 200 https://registry.npmjs.org/streamsearch 50ms (cache miss)
65 timing idealTree:node_modules/multer Completed in 55ms
66 timing idealTree:node_modules/append-field Completed in 0ms
67 silly placeDep ROOT streamsearch@1.1.0 OK for: busboy@1.6.0 want: ^1.1.0
68 timing idealTree:node_modules/busboy Completed in 1ms
69 silly placeDep ROOT buffer-from@1.1.2 OK for: concat-stream@2.0.0 want: ^1.0.0
70 silly placeDep ROOT typedarray@0.0.6 OK for: concat-stream@2.0.0 want: ^0.0.6
71 timing idealTree:node_modules/concat-stream Completed in 1ms
72 timing idealTree:node_modules/buffer-from Completed in 0ms
73 timing idealTree:node_modules/streamsearch Completed in 0ms
74 timing idealTree:node_modules/typedarray Completed in 0ms
75 timing idealTree:node_modules/xtend Completed in 0ms
76 silly placeDep ROOT minimist@1.2.8 REPLACE for: mkdirp@0.5.6 want: ^1.2.6
77 timing idealTree:node_modules/multer/node_modules/mkdirp Completed in 2ms
78 timing idealTree:node_modules/minimist Completed in 0ms
79 timing idealTree:buildDeps Completed in 830ms
80 timing idealTree:fixDepFlags Completed in 1ms
81 timing idealTree Completed in 897ms
82 timing reify:loadTrees Completed in 898ms
83 timing reify:diffTrees Completed in 3ms
84 silly reify mark retired [ '/itayg2341__chat-app-react/server/node_modules/minimist' ]
85 silly reify moves {
85 silly reify   '/itayg2341__chat-app-react/server/node_modules/minimist': '/itayg2341__chat-app-react/server/node_modules/.minimist-4nYlAQS6'
85 silly reify }
86 timing reify:retireShallow Completed in 1ms
87 timing reify:createSparse Completed in 1ms
88 timing reify:loadBundles Completed in 0ms
89 silly audit bulk request {
89 silly audit   '@mapbox/node-pre-gyp': [ '1.0.8' ],
89 silly audit   '@sindresorhus/is': [ '0.14.0' ],
89 silly audit   '@socket.io/base64-arraybuffer': [ '1.0.2' ],
89 silly audit   '@szmarczak/http-timer': [ '1.1.2' ],
89 silly audit   '@types/component-emitter': [ '1.2.11' ],
89 silly audit   '@types/cookie': [ '0.4.1' ],
89 silly audit   '@types/cors': [ '2.8.12' ],
89 silly audit   '@types/node': [ '17.0.17' ],
89 silly audit   '@types/webidl-conversions': [ '6.1.1' ],
89 silly audit   '@types/whatwg-url': [ '8.2.1' ],
89 silly audit   abbrev: [ '1.1.1' ],
89 silly audit   accepts: [ '1.3.8' ],
89 silly audit   'agent-base': [ '6.0.2' ],
89 silly audit   debug: [ '4.3.3', '2.6.9', '3.2.7' ],
89 silly audit   ms: [ '2.1.2', '2.0.0', '2.1.3' ],
89 silly audit   'ansi-align': [ '3.0.1' ],
89 silly audit   'ansi-regex': [ '5.0.1' ],
89 silly audit   'ansi-styles': [ '4.3.0' ],
89 silly audit   anymatch: [ '3.1.2' ],
89 silly audit   aproba: [ '2.0.0' ],
89 silly audit   'are-we-there-yet': [ '2.0.0' ],
89 silly audit   'array-flatten': [ '1.1.1' ],
89 silly audit   'balanced-match': [ '1.0.2' ],
89 silly audit   'base64-js': [ '1.5.1' ],
89 silly audit   base64id: [ '2.0.0' ],
89 silly audit   bcrypt: [ '5.0.1' ],
89 silly audit   'binary-extensions': [ '2.2.0' ],
89 silly audit   'body-parser': [ '1.19.1' ],
89 silly audit   boxen: [ '5.1.2' ],
89 silly audit   'brace-expansion': [ '1.1.11' ],
89 silly audit   braces: [ '3.0.2' ],
89 silly audit   bson: [ '4.6.1' ],
89 silly audit   buffer: [ '5.7.1' ],
89 silly audit   bytes: [ '3.1.1' ],
89 silly audit   'cacheable-request': [ '6.1.0' ],
89 silly audit   'get-stream': [ '5.2.0', '4.1.0' ],
89 silly audit   'lowercase-keys': [ '2.0.0', '1.0.1' ],
89 silly audit   camelcase: [ '6.3.0' ],
89 silly audit   chalk: [ '4.1.2' ],
89 silly audit   'has-flag': [ '4.0.0', '3.0.0' ],
89 silly audit   'supports-color': [ '7.2.0', '5.5.0' ],
89 silly audit   chokidar: [ '3.5.3' ],
89 silly audit   chownr: [ '2.0.0' ],
89 silly audit   'ci-info': [ '2.0.0' ],
89 silly audit   'cli-boxes': [ '2.2.1' ],
89 silly audit   'clone-response': [ '1.0.2' ],
89 silly audit   'color-convert': [ '2.0.1' ],
89 silly audit   'color-name': [ '1.1.4' ],
89 silly audit   'color-support': [ '1.1.3' ],
89 silly audit   'component-emitter': [ '1.3.0' ],
89 silly audit   'concat-map': [ '0.0.1' ],
89 silly audit   configstore: [ '5.0.1' ],
89 silly audit   'console-control-strings': [ '1.1.0' ],
89 silly audit   'content-disposition': [ '0.5.4' ],
89 silly audit   'content-type': [ '1.0.4' ],
89 silly audit   cookie: [ '0.4.1' ],
89 silly audit   'cookie-signature': [ '1.0.6' ],
89 silly audit   cors: [ '2.8.5' ],
89 silly audit   'crypto-random-string': [ '2.0.0' ],
89 silly audit   'decompress-response': [ '3.3.0' ],
89 silly audit   'deep-extend': [ '0.6.0' ],
89 silly audit   'defer-to-connect': [ '1.1.3' ],
89 silly audit   delegates: [ '1.0.0' ],
89 silly audit   denque: [ '2.0.1' ],
89 silly audit   depd: [ '1.1.2' ],
89 silly audit   destroy: [ '1.0.4' ],
89 silly audit   'detect-libc': [ '1.0.3' ],
89 silly audit   'dot-prop': [ '5.3.0' ],
89 silly audit   dotenv: [ '16.0.0' ],
89 silly audit   duplexer3: [ '0.1.4' ],
89 silly audit   'ee-first': [ '1.1.1' ],
89 silly audit   'emoji-regex': [ '8.0.0' ],
89 silly audit   encodeurl: [ '1.0.2' ],
89 silly audit   'end-of-stream': [ '1.4.4' ],
89 silly audit   'engine.io': [ '6.1.2' ],
89 silly audit   'engine.io-parser': [ '5.0.3' ],
89 silly audit   'escape-goat': [ '2.1.1' ],
89 silly audit   'escape-html': [ '1.0.3' ],
89 silly audit   etag: [ '1.8.1' ],
89 silly audit   express: [ '4.17.2' ],
89 silly audit   'fill-range': [ '7.0.1' ],
89 silly audit   finalhandler: [ '1.1.2' ],
89 silly audit   forwarded: [ '0.2.0' ],
89 silly audit   fresh: [ '0.5.2' ],
89 silly audit   'fs-minipass': [ '2.1.0' ],
89 silly audit   'fs.realpath': [ '1.0.0' ],
89 silly audit   fsevents: [ '2.3.2' ],
89 silly audit   gauge: [ '3.0.2' ],
89 silly audit   glob: [ '7.2.0' ],
89 silly audit   'glob-parent': [ '5.1.2' ],
89 silly audit   'global-dirs': [ '3.0.0' ],
89 silly audit   got: [ '9.6.0' ],
89 silly audit   'graceful-fs': [ '4.2.9' ],
89 silly audit   'has-unicode': [ '2.0.1' ],
89 silly audit   'has-yarn': [ '2.1.0' ],
89 silly audit   'http-cache-semantics': [ '4.1.0' ],
89 silly audit   'http-errors': [ '1.8.1' ],
89 silly audit   'https-proxy-agent': [ '5.0.0' ],
89 silly audit   'iconv-lite': [ '0.4.24' ],
89 silly audit   ieee754: [ '1.2.1' ],
89 silly audit   'ignore-by-default': [ '1.0.1' ],
89 silly audit   'import-lazy': [ '2.1.0' ],
89 silly audit   imurmurhash: [ '0.1.4' ],
89 silly audit   inflight: [ '1.0.6' ],
89 silly audit   inherits: [ '2.0.4' ],
89 silly audit   ini: [ '2.0.0', '1.3.8' ],
89 silly audit   ip: [ '1.1.5' ],
89 silly audit   'ipaddr.js': [ '1.9.1' ],
89 silly audit   'is-binary-path': [ '2.1.0' ],
89 silly audit   'is-ci': [ '2.0.0' ],
89 silly audit   'is-extglob': [ '2.1.1' ],
89 silly audit   'is-fullwidth-code-point': [ '3.0.0' ],
89 silly audit   'is-glob': [ '4.0.3' ],
89 silly audit   'is-installed-globally': [ '0.4.0' ],
89 silly audit   'is-npm': [ '5.0.0' ],
89 silly audit   'is-number': [ '7.0.0' ],
89 silly audit   'is-obj': [ '2.0.0' ],
89 silly audit   'is-path-inside': [ '3.0.3' ],
89 silly audit   'is-typedarray': [ '1.0.0' ],
89 silly audit   'is-yarn-global': [ '0.3.0' ],
89 silly audit   'json-buffer': [ '3.0.0' ],
89 silly audit   kareem: [ '2.3.3' ],
89 silly audit   keyv: [ '3.1.0' ],
89 silly audit   'latest-version': [ '5.1.0' ],
89 silly audit   'lru-cache': [ '6.0.0' ],
89 silly audit   'make-dir': [ '3.1.0' ],
89 silly audit   semver: [ '6.3.0', '5.7.1', '7.3.5' ],
89 silly audit   'media-typer': [ '0.3.0' ],
89 silly audit   'memory-pager': [ '1.5.0' ],
89 silly audit   'merge-descriptors': [ '1.0.1' ],
89 silly audit   methods: [ '1.1.2' ],
89 silly audit   mime: [ '1.6.0' ],
89 silly audit   'mime-db': [ '1.51.0' ],
89 silly audit   'mime-types': [ '2.1.34' ],
89 silly audit   'mimic-response': [ '1.0.1' ],
89 silly audit   minimatch: [ '3.1.1' ],
89 silly audit   minipass: [ '3.1.6' ],
89 silly audit   minizlib: [ '2.1.2' ],
89 silly audit   mkdirp: [ '1.0.4', '0.5.6' ],
89 silly audit   mongodb: [ '4.3.1' ],
89 silly audit   'mongodb-connection-string-url': [ '2.4.2' ],
89 silly audit   mongoose: [ '6.2.1' ],
89 silly audit   mpath: [ '0.8.4' ],
89 silly audit   mquery: [ '4.0.2' ],
89 silly audit   negotiator: [ '0.6.3' ],
89 silly audit   'node-addon-api': [ '3.2.1' ],
89 silly audit   'node-fetch': [ '2.6.7' ],
89 silly audit   tr46: [ '0.0.3', '3.0.0' ],
89 silly audit   'webidl-conversions': [ '3.0.1', '7.0.0' ],
89 silly audit   'whatwg-url': [ '5.0.0', '11.0.0' ],
89 silly audit   nodemon: [ '2.0.15' ],
89 silly audit   nopt: [ '5.0.0', '1.0.10' ],
89 silly audit   'normalize-path': [ '3.0.0' ],
89 silly audit   'normalize-url': [ '4.5.1' ],
89 silly audit   npmlog: [ '5.0.1' ],
89 silly audit   'object-assign': [ '4.1.1' ],
89 silly audit   'on-finished': [ '2.3.0' ],
89 silly audit   once: [ '1.4.0' ],
89 silly audit   'p-cancelable': [ '1.1.0' ],
89 silly audit   'package-json': [ '6.5.0' ],
89 silly audit   parseurl: [ '1.3.3' ],
89 silly audit   'path-is-absolute': [ '1.0.1' ],
89 silly audit   'path-to-regexp': [ '0.1.7' ],
89 silly audit   picomatch: [ '2.3.1' ],
89 silly audit   'prepend-http': [ '2.0.0' ],
89 silly audit   'proxy-addr': [ '2.0.7' ],
89 silly audit   'pstree.remy': [ '1.1.8' ],
89 silly audit   pump: [ '3.0.0' ],
89 silly audit   punycode: [ '2.1.1' ],
89 silly audit   pupa: [ '2.1.1' ],
89 silly audit   qs: [ '6.9.6' ],
89 silly audit   'range-parser': [ '1.2.1' ],
89 silly audit   'raw-body': [ '2.4.2' ],
89 silly audit   rc: [ '1.2.8' ],
89 silly audit   'readable-stream': [ '3.6.0' ],
89 silly audit   readdirp: [ '3.6.0' ],
89 silly audit   'registry-auth-token': [ '4.2.1' ],
89 silly audit   'registry-url': [ '5.1.0' ],
89 silly audit   responselike: [ '1.0.2' ],
89 silly audit   rimraf: [ '3.0.2' ],
89 silly audit   'safe-buffer': [ '5.2.1' ],
89 silly audit   'safer-buffer': [ '2.1.2' ],
89 silly audit   saslprep: [ '1.0.3' ],
89 silly audit   'semver-diff': [ '3.1.1' ],
89 silly audit   send: [ '0.17.2' ],
89 silly audit   'serve-static': [ '1.14.2' ],
89 silly audit   'set-blocking': [ '2.0.0' ],
89 silly audit   setprototypeof: [ '1.2.0' ],
89 silly audit   sift: [ '13.5.2' ],
89 silly audit   'signal-exit': [ '3.0.7' ],
89 silly audit   'smart-buffer': [ '4.2.0' ],
89 silly audit   'socket.io': [ '4.4.1' ],
89 silly audit   'socket.io-adapter': [ '2.3.3' ],
89 silly audit   'socket.io-parser': [ '4.0.4' ],
89 silly audit   socks: [ '2.6.2' ],
89 silly audit   'sparse-bitfield': [ '3.0.3' ],
89 silly audit   statuses: [ '1.5.0' ],
89 silly audit   string_decoder: [ '1.3.0' ],
89 silly audit   'string-width': [ '4.2.3' ],
89 silly audit   'strip-ansi': [ '6.0.1' ],
89 silly audit   'strip-json-comments': [ '2.0.1' ],
89 silly audit   tar: [ '6.1.11' ],
89 silly audit   'to-readable-stream': [ '1.0.0' ],
89 silly audit   'to-regex-range': [ '5.0.1' ],
89 silly audit   toidentifier: [ '1.0.1' ],
89 silly audit   touch: [ '3.1.0' ],
89 silly audit   'type-fest': [ '0.20.2' ],
89 silly audit   'type-is': [ '1.6.18' ],
89 silly audit   'typedarray-to-buffer': [ '3.1.5' ],
89 silly audit   undefsafe: [ '2.0.5' ],
89 silly audit   'unique-string': [ '2.0.0' ],
89 silly audit   unpipe: [ '1.0.0' ],
89 silly audit   'update-notifier': [ '5.1.0' ],
89 silly audit   'url-parse-lax': [ '3.0.0' ],
89 silly audit   'util-deprecate': [ '1.0.2' ],
89 silly audit   'utils-merge': [ '1.0.1' ],
89 silly audit   vary: [ '1.1.2' ],
89 silly audit   'wide-align': [ '1.1.5' ],
89 silly audit   'widest-line': [ '3.1.0' ],
89 silly audit   'wrap-ansi': [ '7.0.0' ],
89 silly audit   wrappy: [ '1.0.2' ],
89 silly audit   'write-file-atomic': [ '3.0.3' ],
89 silly audit   ws: [ '8.2.3' ],
89 silly audit   'xdg-basedir': [ '4.0.0' ],
89 silly audit   yallist: [ '4.0.0' ],
89 silly audit   multer: [ '2.0.2' ],
89 silly audit   'append-field': [ '1.0.0' ],
89 silly audit   busboy: [ '1.6.0' ],
89 silly audit   'concat-stream': [ '2.0.0' ],
89 silly audit   xtend: [ '4.0.2' ],
89 silly audit   streamsearch: [ '1.1.0' ],
89 silly audit   'buffer-from': [ '1.1.2' ],
89 silly audit   typedarray: [ '0.0.6' ],
89 silly audit   minimist: [ '1.2.8' ]
89 silly audit }
90 verbose reify failed optional dependency /itayg2341__chat-app-react/server/node_modules/fsevents
91 silly reify mark deleted [ '/itayg2341__chat-app-react/server/node_modules/fsevents' ]
92 timing reifyNode:node_modules/fsevents Completed in 3ms
93 silly tarball no local data for typedarray@https://registry.npmjs.org/typedarray/-/typedarray-0.0.6.tgz. Extracting by manifest.
94 silly tarball no local data for buffer-from@https://registry.npmjs.org/buffer-from/-/buffer-from-1.1.2.tgz. Extracting by manifest.
95 silly tarball no local data for streamsearch@https://registry.npmjs.org/streamsearch/-/streamsearch-1.1.0.tgz. Extracting by manifest.
96 silly tarball no local data for xtend@https://registry.npmjs.org/xtend/-/xtend-4.0.2.tgz. Extracting by manifest.
97 silly tarball no local data for busboy@https://registry.npmjs.org/busboy/-/busboy-1.6.0.tgz. Extracting by manifest.
98 silly tarball no local data for concat-stream@https://registry.npmjs.org/concat-stream/-/concat-stream-2.0.0.tgz. Extracting by manifest.
99 silly tarball no local data for multer@https://registry.npmjs.org/multer/-/multer-2.0.2.tgz. Extracting by manifest.
100 silly tarball no local data for append-field@https://registry.npmjs.org/append-field/-/append-field-1.0.0.tgz. Extracting by manifest.
101 silly tarball no local data for minimist@https://registry.npmjs.org/minimist/-/minimist-1.2.8.tgz. Extracting by manifest.
102 silly tarball no local data for mkdirp@https://registry.npmjs.org/mkdirp/-/mkdirp-0.5.6.tgz. Extracting by manifest.
103 http fetch GET 200 https://registry.npmjs.org/buffer-from/-/buffer-from-1.1.2.tgz 41ms (cache miss)
104 timing reifyNode:node_modules/buffer-from Completed in 48ms
105 http fetch GET 200 https://registry.npmjs.org/streamsearch/-/streamsearch-1.1.0.tgz 42ms (cache miss)
106 http fetch GET 200 https://registry.npmjs.org/typedarray/-/typedarray-0.0.6.tgz 43ms (cache miss)
107 timing reifyNode:node_modules/streamsearch Completed in 49ms
108 timing reifyNode:node_modules/typedarray Completed in 50ms
109 http fetch GET 200 https://registry.npmjs.org/xtend/-/xtend-4.0.2.tgz 56ms (cache miss)
110 timing reifyNode:node_modules/xtend Completed in 64ms
111 http fetch GET 200 https://registry.npmjs.org/concat-stream/-/concat-stream-2.0.0.tgz 56ms (cache miss)
112 timing reifyNode:node_modules/concat-stream Completed in 65ms
113 http fetch GET 200 https://registry.npmjs.org/append-field/-/append-field-1.0.0.tgz 63ms (cache miss)
114 http fetch GET 200 https://registry.npmjs.org/multer/-/multer-2.0.2.tgz 64ms (cache miss)
115 timing reifyNode:node_modules/multer Completed in 74ms
116 timing reifyNode:node_modules/append-field Completed in 75ms
117 http fetch GET 200 https://registry.npmjs.org/busboy/-/busboy-1.6.0.tgz 68ms (cache miss)
118 timing reifyNode:node_modules/busboy Completed in 76ms
119 http fetch GET 200 https://registry.npmjs.org/mkdirp/-/mkdirp-0.5.6.tgz 65ms (cache miss)
120 timing reifyNode:node_modules/multer/node_modules/mkdirp Completed in 77ms
121 http fetch GET 200 https://registry.npmjs.org/minimist/-/minimist-1.2.8.tgz 67ms (cache miss)
122 timing reifyNode:node_modules/minimist Completed in 78ms
123 timing reify:unpack Completed in 79ms
124 timing reify:unretire Completed in 0ms
125 timing build:queue Completed in 0ms
126 timing build:link:node_modules/multer/node_modules/mkdirp Completed in 1ms
127 timing build:link Completed in 1ms
128 timing build:deps Completed in 1ms
129 timing build Completed in 1ms
130 timing reify:build Completed in 2ms
131 timing reify:trash Completed in 1ms
132 timing reify:save Completed in 40ms
133 http fetch POST 200 https://registry.npmjs.org/-/npm/v1/security/advisories/bulk 192ms
134 timing auditReport:getReport Completed in 196ms
135 silly audit report {
135 silly audit report   'body-parser': [
135 silly audit report     {
135 silly audit report       id: 1099520,
135 silly audit report       url: 'https://github.com/advisories/GHSA-qwcr-r2fm-qrc7',
135 silly audit report       title: 'body-parser vulnerable to denial of service when url encoding is enabled',
135 silly audit report       severity: 'high',
135 silly audit report       vulnerable_versions: '<1.20.3',
135 silly audit report       cwe: [Array],
135 silly audit report       cvss: [Object]
135 silly audit report     }
135 silly audit report   ],
135 silly audit report   'brace-expansion': [
135 silly audit report     {
135 silly audit report       id: 1105443,
135 silly audit report       url: 'https://github.com/advisories/GHSA-v6h2-p8h4-qcjw',
135 silly audit report       title: 'brace-expansion Regular Expression Denial of Service vulnerability',
135 silly audit report       severity: 'low',
135 silly audit report       vulnerable_versions: '>=1.0.0 <=1.1.11',
135 silly audit report       cwe: [Array],
135 silly audit report       cvss: [Object]
135 silly audit report     }
135 silly audit report   ],
135 silly audit report   braces: [
135 silly audit report     {
135 silly audit report       id: 1098094,
135 silly audit report       url: 'https://github.com/advisories/GHSA-grv7-fg5c-xmjg',
135 silly audit report       title: 'Uncontrolled resource consumption in braces',
135 silly audit report       severity: 'high',
135 silly audit report       vulnerable_versions: '<3.0.3',
135 silly audit report       cwe: [Array],
135 silly audit report       cvss: [Object]
135 silly audit report     }
135 silly audit report   ],
135 silly audit report   cookie: [
135 silly audit report     {
135 silly audit report       id: 1103907,
135 silly audit report       url: 'https://github.com/advisories/GHSA-pxg6-pf52-xh8x',
135 silly audit report       title: 'cookie accepts cookie name, path, and domain with out of bounds characters',
135 silly audit report       severity: 'low',
135 silly audit report       vulnerable_versions: '<0.7.0',
135 silly audit report       cwe: [Array],
135 silly audit report       cvss: [Object]
135 silly audit report     }
135 silly audit report   ],
135 silly audit report   'engine.io': [
135 silly audit report     {
135 silly audit report       id: 1102451,
135 silly audit report       url: 'https://github.com/advisories/GHSA-q9mw-68c2-j6m5',
135 silly audit report       title: 'engine.io Uncaught Exception vulnerability',
135 silly audit report       severity: 'moderate',
135 silly audit report       vulnerable_versions: '>=5.1.0 <6.4.2',
135 silly audit report       cwe: [Array],
135 silly audit report       cvss: [Object]
135 silly audit report     },
135 silly audit report     {
135 silly audit report       id: 1089525,
135 silly audit report       url: 'https://github.com/advisories/GHSA-r7qp-cfhv-p84w',
135 silly audit report       title: 'Uncaught exception in engine.io',
135 silly audit report       severity: 'moderate',
135 silly audit report       vulnerable_versions: '>=4.0.0 <6.2.1',
135 silly audit report       cwe: [Array],
135 silly audit report       cvss: [Object]
135 silly audit report     }
135 silly audit report   ],
135 silly audit report   express: [
135 silly audit report     {
135 silly audit report       id: 1100530,
135 silly audit report       url: 'https://github.com/advisories/GHSA-qw6h-vgh9-j6wx',
135 silly audit report       title: 'express vulnerable to XSS via response.redirect()',
135 silly audit report       severity: 'low',
135 silly audit report       vulnerable_versions: '<4.20.0',
135 silly audit report       cwe: [Array],
135 silly audit report       cvss: [Object]
135 silly audit report     },
135 silly audit report     {
135 silly audit report       id: 1096820,
135 silly audit report       url: 'https://github.com/advisories/GHSA-rv95-896h-c2vc',
135 silly audit report       title: 'Express.js Open Redirect in malformed URLs',
135 silly audit report       severity: 'moderate',
135 silly audit report       vulnerable_versions: '<4.19.2',
135 silly audit report       cwe: [Array],
135 silly audit report       cvss: [Object]
135 silly audit report     }
135 silly audit report   ],
135 silly audit report   got: [
135 silly audit report     {
135 silly audit report       id: 1088948,
135 silly audit report       url: 'https://github.com/advisories/GHSA-pfrx-2q88-qq97',
135 silly audit report       title: 'Got allows a redirect to a UNIX socket',
135 silly audit report       severity: 'moderate',
135 silly audit report       vulnerable_versions: '<11.8.5',
135 silly audit report       cwe: [],
135 silly audit report       cvss: [Object]
135 silly audit report     }
135 silly audit report   ],
135 silly audit report   'http-cache-semantics': [
135 silly audit report     {
135 silly audit report       id: 1102456,
135 silly audit report       url: 'https://github.com/advisories/GHSA-rc47-6667-2j5j',
135 silly audit report       title: 'http-cache-semantics vulnerable to Regular Expression Denial of Service',
135 silly audit report       severity: 'high',
135 silly audit report       vulnerable_versions: '<4.1.1',
135 silly audit report       cwe: [Array],
135 silly audit report       cvss: [Object]
135 silly audit report     }
135 silly audit report   ],
135 silly audit report   ip: [
135 silly audit report     {
135 silly audit report       id: 1101851,
135 silly audit report       url: 'https://github.com/advisories/GHSA-2p57-rm9w-gvfp',
135 silly audit report       title: 'ip SSRF improper categorization in isPublic',
135 silly audit report       severity: 'high',
135 silly audit report       vulnerable_versions: '<=2.0.1',
135 silly audit report       cwe: [Array],
135 silly audit report       cvss: [Object]
135 silly audit report     },
135 silly audit report     {
135 silly audit report       id: 1097720,
135 silly audit report       url: 'https://github.com/advisories/GHSA-78xj-cgh5-2h22',
135 silly audit report       title: 'NPM IP package incorrectly identifies some private IP addresses as public',
135 silly audit report       severity: 'low',
135 silly audit report       vulnerable_versions: '<1.1.9',
135 silly audit report       cwe: [Array],
135 silly audit report       cvss: [Object]
135 silly audit report     }
135 silly audit report   ],
135 silly audit report   semver: [
135 silly audit report     {
135 silly audit report       id: 1101088,
135 silly audit report       url: 'https://github.com/advisories/GHSA-c2qf-rxjj-qqgw',
135 silly audit report       title: 'semver vulnerable to Regular Expression Denial of Service',
135 silly audit report       severity: 'high',
135 silly audit report       vulnerable_versions: '>=7.0.0 <7.5.2',
135 silly audit report       cwe: [Array],
135 silly audit report       cvss: [Object]
135 silly audit report     },
135 silly audit report     {
135 silly audit report       id: 1101089,
135 silly audit report       url: 'https://github.com/advisories/GHSA-c2qf-rxjj-qqgw',
135 silly audit report       title: 'semver vulnerable to Regular Expression Denial of Service',
135 silly audit report       severity: 'high',
135 silly audit report       vulnerable_versions: '<5.7.2',
135 silly audit report       cwe: [Array],
135 silly audit report       cvss: [Object]
135 silly audit report     },
135 silly audit report     {
135 silly audit report       id: 1101090,
135 silly audit report       url: 'https://github.com/advisories/GHSA-c2qf-rxjj-qqgw',
135 silly audit report       title: 'semver vulnerable to Regular Expression Denial of Service',
135 silly audit report       severity: 'high',
135 silly audit report       vulnerable_versions: '>=6.0.0 <6.3.1',
135 silly audit report       cwe: [Array],
135 silly audit report       cvss: [Object]
135 silly audit report     }
135 silly audit report   ],
135 silly audit report   mongodb: [
135 silly audit report     {
135 silly audit report       id: 1102448,
135 silly audit report       url: 'https://github.com/advisories/GHSA-vxvm-qww3-2fh7',
135 silly audit report       title: 'MongoDB Driver may publish events containing authentication-related data',
135 silly audit report       severity: 'moderate',
135 silly audit report       vulnerable_versions: '>=4.0.0 <4.17.0',
135 silly audit report       cwe: [Array],
135 silly audit report       cvss: [Object]
135 silly audit report     }
135 silly audit report   ],
135 silly audit report   mongoose: [
135 silly audit report     {
135 silly audit report       id: 1101061,
135 silly audit report       url: 'https://github.com/advisories/GHSA-m7xq-9374-9rvx',
135 silly audit report       title: 'Mongoose search injection vulnerability',
135 silly audit report       severity: 'high',
135 silly audit report       vulnerable_versions: '<6.13.5',
135 silly audit report       cwe: [Array],
135 silly audit report       cvss: [Object]
135 silly audit report     },
135 silly audit report     {
135 silly audit report       id: 1101838,
135 silly audit report       url: 'https://github.com/advisories/GHSA-vg7j-7cwx-8wgw',
135 silly audit report       title: 'Mongoose search injection vulnerability',
135 silly audit report       severity: 'critical',
135 silly audit report       vulnerable_versions: '<6.13.6',
135 silly audit report       cwe: [Array],
135 silly audit report       cvss: [Object]
135 silly audit report     },
135 silly audit report     {
135 silly audit report       id: 1095079,
135 silly audit report       url: 'https://github.com/advisories/GHSA-f825-f98c-gj3g',
135 silly audit report       title: 'automattic/mongoose vulnerable to Prototype pollution via Schema.path',
135 silly audit report       severity: 'high',
135 silly audit report       vulnerable_versions: '>=6.0.0 <6.4.6',
135 silly audit report       cwe: [Array],
135 silly audit report       cvss: [Object]
135 silly audit report     },
135 silly audit report     {
135 silly audit report       id: 1095081,
135 silly audit report       url: 'https://github.com/advisories/GHSA-9m93-w8w6-76hh',
135 silly audit report       title: 'Mongoose Prototype Pollution vulnerability',
135 silly audit report       severity: 'critical',
135 silly audit report       vulnerable_versions: '>=6.0.0 <6.11.3',
135 silly audit report       cwe: [Array],
135 silly audit report       cvss: [Object]
135 silly audit report     },
135 silly audit report     {
135 silly audit report       id: 1097159,
135 silly audit report       url: 'https://github.com/advisories/GHSA-h8hf-x3f4-xwgp',
135 silly audit report       title: 'Mongoose Vulnerable to Prototype Pollution in Schema Object',
135 silly audit report       severity: 'critical',
135 silly audit report       vulnerable_versions: '>=6.0.0 <6.4.6',
135 silly audit report       cwe: [Array],
135 silly audit report       cvss: [Object]
135 silly audit report     }
135 silly audit report   ],
135 silly audit report   'path-to-regexp': [
135 silly audit report     {
135 silly audit report       id: 1101850,
135 silly audit report       url: 'https://github.com/advisories/GHSA-9wv6-86v2-598j',
135 silly audit report       title: 'path-to-regexp outputs backtracking regular expressions',
135 silly audit report       severity: 'high',
135 silly audit report       vulnerable_versions: '<0.1.10',
135 silly audit report       cwe: [Array],
135 silly audit report       cvss: [Object]
135 silly audit report     },
135 silly audit report     {
135 silly audit report       id: 1105199,
135 silly audit report       url: 'https://github.com/advisories/GHSA-rhx6-c78j-4q9w',
135 silly audit report       title: 'path-to-regexp contains a ReDoS',
135 silly audit report       severity: 'high',
135 silly audit report       vulnerable_versions: '<0.1.12',
135 silly audit report       cwe: [Array],
135 silly audit report       cvss: [Object]
135 silly audit report     }
135 silly audit report   ],
135 silly audit report   qs: [
135 silly audit report     {
135 silly audit report       id: 1104122,
135 silly audit report       url: 'https://github.com/advisories/GHSA-hrpp-h998-j3pp',
135 silly audit report       title: 'qs vulnerable to Prototype Pollution',
135 silly audit report       severity: 'high',
135 silly audit report       vulnerable_versions: '>=6.9.0 <6.9.7',
135 silly audit report       cwe: [Array],
135 silly audit report       cvss: [Object]
135 silly audit report     }
135 silly audit report   ],
135 silly audit report   send: [
135 silly audit report     {
135 silly audit report       id: 1100526,
135 silly audit report       url: 'https://github.com/advisories/GHSA-m6fv-jmcg-4jfg',
135 silly audit report       title: 'send vulnerable to template injection that can lead to XSS',
135 silly audit report       severity: 'low',
135 silly audit report       vulnerable_versions: '<0.19.0',
135 silly audit report       cwe: [Array],
135 silly audit report       cvss: [Object]
135 silly audit report     }
135 silly audit report   ],
135 silly audit report   'serve-static': [
135 silly audit report     {
135 silly audit report       id: 1100528,
135 silly audit report       url: 'https://github.com/advisories/GHSA-cm22-4g7w-348p',
135 silly audit report       title: 'serve-static vulnerable to template injection that can lead to XSS',
135 silly audit report       severity: 'low',
135 silly audit report       vulnerable_versions: '<1.16.0',
135 silly audit report       cwe: [Array],
135 silly audit report       cvss: [Object]
135 silly audit report     }
135 silly audit report   ],
135 silly audit report   'socket.io': [
135 silly audit report     {
135 silly audit report       id: 1100550,
135 silly audit report       url: 'https://github.com/advisories/GHSA-25hc-qcg6-38wj',
135 silly audit report       title: "socket.io has an unhandled 'error' event",
135 silly audit report       severity: 'moderate',
135 silly audit report       vulnerable_versions: '>=3.0.0 <4.6.2',
135 silly audit report       cwe: [Array],
135 silly audit report       cvss: [Object]
135 silly audit report     }
135 silly audit report   ],
135 silly audit report   'socket.io-parser': [
135 silly audit report     {
135 silly audit report       id: 1100541,
135 silly audit report       url: 'https://github.com/advisories/GHSA-cqmj-92xf-r6r9',
135 silly audit report       title: 'Insufficient validation when decoding a Socket.IO packet',
135 silly audit report       severity: 'moderate',
135 silly audit report       vulnerable_versions: '>=4.0.4 <4.2.3',
135 silly audit report       cwe: [Array],
135 silly audit report       cvss: [Object]
135 silly audit report     },
135 silly audit report     {
135 silly audit report       id: 1097135,
135 silly audit report       url: 'https://github.com/advisories/GHSA-qm95-pgcg-qqfq',
135 silly audit report       title: 'Insufficient validation when decoding a Socket.IO packet',
135 silly audit report       severity: 'critical',
135 silly audit report       vulnerable_versions: '>=4.0.0 <4.0.5',
135 silly audit report       cwe: [Array],
135 silly audit report       cvss: [Object]
135 silly audit report     }
135 silly audit report   ],
135 silly audit report   tar: [
135 silly audit report     {
135 silly audit report       id: 1097493,
135 silly audit report       url: 'https://github.com/advisories/GHSA-f5x3-32g6-xq36',
135 silly audit report       title: 'Denial of service while parsing a tar file due to lack of folders count validation',
135 silly audit report       severity: 'moderate',
135 silly audit report       vulnerable_versions: '<6.2.1',
135 silly audit report       cwe: [Array],
135 silly audit report       cvss: [Object]
135 silly audit report     }
135 silly audit report   ],
135 silly audit report   ws: [
135 silly audit report     {
135 silly audit report       id: 1098392,
135 silly audit report       url: 'https://github.com/advisories/GHSA-3h5v-q93c-6h6q',
135 silly audit report       title: 'ws affected by a DoS when handling a request with many HTTP headers',
135 silly audit report       severity: 'high',
135 silly audit report       vulnerable_versions: '>=8.0.0 <8.17.1',
135 silly audit report       cwe: [Array],
135 silly audit report       cvss: [Object]
135 silly audit report     }
135 silly audit report   ]
135 silly audit report }
136 timing metavuln:cache:get:security-advisory:body-parser:uoEU0GS6gk35ZdcQ5nagZYzZcDz5Th0PEvPIVa8rzwbO20pRdxYbAhpIm6Wc5MALXoWb1C4X8WqCtH02U0Wo1A== Completed in 11ms
137 timing metavuln:cache:get:security-advisory:brace-expansion:7IQMvcVTr+svbh5KCx4Kl6FQKJ1GciM03BnJAve/5WYJjUeRzKAIrStVpfachbl3T6a7o8nYlQEVG6Ih0TNXRg== Completed in 11ms
138 timing metavuln:cache:get:security-advisory:cookie:EFt7h/FZLeopARa06+F2CBY5ItUm007mP/cHgZjTJZX1MeIwg3JD7toSioRoDeE8wm5VdkimqlS+CnuPhZqbIg== Completed in 11ms
139 timing metavuln:cache:get:security-advisory:braces:JiXBFkEDkUnBQLw3PO6emUmmm2JXqgEbh+FhB3SNDS8k6Z0wM20irrfaOjjxYuMxZaKaDudvR037mtEoeqZzXw== Completed in 11ms
140 timing metavuln:cache:get:security-advisory:engine.io:y2OTAHkv1d9kaFDbmFFZjA+RxAMj+l209sXD/dGTLHLq0FUY2yh4QiBSaF3MGDAiPMPtHk+GQjG+sWLZoM6bMg== Completed in 11ms
141 timing metavuln:cache:get:security-advisory:engine.io:XSCXHNI3/ioPmcCHU12xxpipF0mruy746vIubMXi60gkfFPi6spWIDT4sqtub5QQyHi3xJHm9m4m+KkvCY4OUA== Completed in 10ms
142 timing metavuln:cache:get:security-advisory:express:Y6ACp2DmYM+0HQ/I8CvEhLQJwNp8DOoQ76C8ObH06Y0qG40PIuVRmOi3OWzwUOTASTLCIWqeicWSO/acR3aaGQ== Completed in 10ms
143 timing metavuln:cache:get:security-advisory:express:lBXrUDHGQ8w6TsFbfO+dIpiL3mSEKXOF2OuvW+b7kHxIhUYJTgPXfCu70PLwR+5DiyOmPyeCmimiWIYaeIPBdw== Completed in 10ms
144 timing metavuln:cache:get:security-advisory:http-cache-semantics:Xx3GwjZQdBd0MT2nVmfhtFZXq0GVgvuqbqkBbOnWn+Q/TMtejLSDhzFddGrUyiDC7yX3SelIzIpAejYIMU/FqA== Completed in 10ms
145 timing metavuln:cache:get:security-advisory:got:6RwqOtyKHRfIYfVtDkU86+jmAkm03OLYFGvOQUWcpuzfU8h8RNz3w5ZFTGeJ+8QNC0jGK3xFL9UvdqMN+kLCrg== Completed in 10ms
146 timing metavuln:cache:get:security-advisory:ip:FcMhhitnipE8n5zCPiVRq2NLRNmu7UZkoO9lrM5CRC/emGwY5wSoa1+q1Q1Z8SPpfXO9tzox/MNRv7luhyJvqg== Completed in 9ms
147 timing metavuln:cache:get:security-advisory:ip:8Qym8PEAlr4BvFSqMwhzStJn9J2BZghxq2lVxHMT2RuDoURz3Gw6U6LrX2cIdf2RwHO9XBCIItIKeP8nDBU2vA== Completed in 9ms
148 timing metavuln:cache:get:security-advisory:semver:Naq1CJMfecJBJMmqOv5emO+A914rqdkiOI2bP060S0GlI/Ryqht9JKmX0fFLz2hhwbvhm515GDG4KjMr9woLSw== Completed in 9ms
149 timing metavuln:cache:get:security-advisory:semver:olqqJ3HiW7dU+I/dCOKmEppQ6Wzx126FOT2A3BkbZs48k/cKPSqKvmViJ6Fz4pvaqjbjBK1wUeIf1zOqEVwKog== Completed in 9ms
150 timing metavuln:cache:get:security-advisory:semver:p1FjR0jnxQHZDdEXKy9EsOlQB0wGQIQxKUwYUoBqalHPhablXJ1gzv+/5G0mtQLV1yzmDZ2Rarp+VpFnhsyRvg== Completed in 9ms
151 timing metavuln:cache:get:security-advisory:mongodb:vHm8T8oWENQ3WDA4Oynz8/gpMKrHuCBviMyMLgTlDziT9IpohP9HRhJojHh7BQNzUAPjtYMVD5oxkK2VX9quqg== Completed in 9ms
152 timing metavuln:cache:get:security-advisory:mongoose:PY9L+hJXQ8znLcKaVK1pnartJ8q2TQA4MUbuqZxIT/7N4MExb62HGgLbwHsBM+GfkQPHiT+40S3VZuOLUiOJEw== Completed in 8ms
153 timing metavuln:cache:get:security-advisory:mongoose:3R7Pj17Kqn6vZX/+bThInvq6WwpVqOYp9clyjGs4YJrAH0euD7OnhMN4UNzSr2P1EL/IzufWmhS4YGo94iTdQQ== Completed in 9ms
154 timing metavuln:cache:get:security-advisory:mongoose:4sufvjpFrPxVuScFZAU0kGFSlKE4Je288I1sI3j8nSUfEOX+M+2Pab+VsJwbNTsYoPOJeVsSCioALBGWaZZuOw== Completed in 9ms
155 timing metavuln:cache:get:security-advisory:mongoose:GlI/umlkIS4hOh3EjUZDUNrMm+E/LcdW4fYuWJrv/hRyxO5zqCYw0pNEutJ+hhAJ7YYOBAvoP3m5kcJ2CQrYkw== Completed in 9ms
156 timing metavuln:cache:get:security-advisory:path-to-regexp:1zdQfT/2s1/9HPIPcJl7TnWCFxsytt3sSe7T+xPf8FNpp2H4co4yvyKagGg4lKEjTVlcftvXdieAZPONp1djoQ== Completed in 9ms
157 timing metavuln:cache:get:security-advisory:mongoose:M5QiJ5TF+ZKGuqMNEtcfSLkWd1knKzfEy9Mg7G9d44KVqz8o6jUZ0yZx0alFHDiMprFdbiRbH5FrhpBjDeKxhw== Completed in 9ms
158 timing metavuln:cache:get:security-advisory:path-to-regexp:0sP5sOjSm2jEVzBjQIX2s9I2rZ6lj48WyfSR+oVtUzndwLs0Cww28/j1R5EWf/fv+a3hc7KtVDL8gxcHV6kAiQ== Completed in 9ms
159 timing metavuln:cache:get:security-advisory:qs:wfRKRmBpkREFdo/DqUTIqhl2OGW+hXHeeE/v+ugHBrG512NOSMQ+jOOc99Ds+1iHgawryOaqxl75Dk+sD4OvHw== Completed in 9ms
160 timing metavuln:cache:get:security-advisory:send:OO84Jm+bi6L8ol/TxvTv+544ykBtTelmjwigseeY2D0sCzg0KsHTtaRRJob9h32hC3fi9i3JSBR51oHF0vvyRQ== Completed in 8ms
161 timing metavuln:cache:get:security-advisory:serve-static:VyBBWzRCPk4QPwU71mkZJ+QZdwW0bnbx/lUJDdvhij3t67jGrB4z2A5Ryyta1VjZgpmZ9kuyannc46B7jSSuiQ== Completed in 8ms
162 timing metavuln:cache:get:security-advisory:socket.io:Dpz7MDO+feo/5kOgwsA3l+QN5rcPEXZcS5pxWdvQTjWZfJZ/eQW+4PFgKm6oJK2rs54bekrESk0NkwPj2pdHJg== Completed in 8ms
163 timing metavuln:cache:get:security-advisory:tar:xsfciMtNhQn+Vb692L8h5HEYBYUJ5Lhjy3bF//LOsKSn8tp0f1hbuDX26k9UtKJNPZjM5uuq2Cxlz3KwL19oJg== Completed in 7ms
164 timing metavuln:cache:get:security-advisory:socket.io-parser:KHT3pfMOTmYPNnvuk0fNnB3nuqsIwhygRkvtQ2zyCUMHCTUtFFzbvKwzIh0MOFrZ4QY1i5gZjEJUG45iF11t3A== Completed in 7ms
165 timing metavuln:cache:get:security-advisory:ws:v2Har794Be+6XfcvT/NJHW1cDl3bIscCiu/kNNCIy/l00C5P2Cx1BODrleH5tIDK9p3TMcvLzGMY0Lz9rde8Ww== Completed in 7ms
166 timing metavuln:cache:get:security-advisory:socket.io-parser:MaxjLnpTRTlEI9yw1Mt7MVIorbLvPBhP0cDzc/s8SVyNqevoYpVnle07hsRIDz0LXZifB39lW20bL7IRlb3yPA== Completed in 7ms
167 http fetch GET 200 https://registry.npmjs.org/braces 22ms (cache hit)
168 timing metavuln:packument:braces Completed in 23ms
169 timing metavuln:load:security-advisory:braces:1098094 Completed in 0ms
170 timing metavuln:calculate:security-advisory:braces:1098094 Completed in 23ms
171 http fetch GET 200 https://registry.npmjs.org/brace-expansion 23ms (cache hit)
172 timing metavuln:packument:brace-expansion Completed in 23ms
173 timing metavuln:load:security-advisory:brace-expansion:1105443 Completed in 1ms
174 timing metavuln:calculate:security-advisory:brace-expansion:1105443 Completed in 25ms
175 http fetch GET 200 https://registry.npmjs.org/cookie 24ms (cache hit)
176 timing metavuln:packument:cookie Completed in 24ms
177 timing metavuln:load:security-advisory:cookie:1103907 Completed in 0ms
178 timing metavuln:calculate:security-advisory:cookie:1103907 Completed in 24ms
179 http fetch GET 200 https://registry.npmjs.org/engine.io 23ms (cache hit)
180 timing metavuln:packument:engine.io Completed in 24ms
181 timing metavuln:load:security-advisory:engine.io:1102451 Completed in 0ms
182 timing metavuln:calculate:security-advisory:engine.io:1102451 Completed in 25ms
183 timing metavuln:load:security-advisory:engine.io:1089525 Completed in 1ms
184 timing metavuln:calculate:security-advisory:engine.io:1089525 Completed in 25ms
185 http fetch GET 200 https://registry.npmjs.org/body-parser 27ms (cache hit)
186 timing metavuln:packument:body-parser Completed in 27ms
187 timing metavuln:load:security-advisory:body-parser:1099520 Completed in 1ms
188 timing metavuln:calculate:security-advisory:body-parser:1099520 Completed in 28ms
189 http fetch GET 200 https://registry.npmjs.org/ip 26ms (cache hit)
190 timing metavuln:packument:ip Completed in 26ms
191 timing metavuln:load:security-advisory:ip:1101851 Completed in 1ms
192 timing metavuln:calculate:security-advisory:ip:1101851 Completed in 27ms
193 timing metavuln:load:security-advisory:ip:1097720 Completed in 0ms
194 timing metavuln:calculate:security-advisory:ip:1097720 Completed in 27ms
195 http fetch GET 200 https://registry.npmjs.org/express 28ms (cache hit)
196 timing metavuln:packument:express Completed in 30ms
197 timing metavuln:load:security-advisory:express:1100530 Completed in 1ms
198 timing metavuln:calculate:security-advisory:express:1100530 Completed in 31ms
199 timing metavuln:load:security-advisory:express:1096820 Completed in 2ms
200 timing metavuln:calculate:security-advisory:express:1096820 Completed in 33ms
201 http fetch GET 200 https://registry.npmjs.org/semver 32ms (cache hit)
202 timing metavuln:packument:semver Completed in 33ms
203 timing metavuln:load:security-advisory:semver:1101088 Completed in 1ms
204 timing metavuln:calculate:security-advisory:semver:1101088 Completed in 34ms
205 timing metavuln:load:security-advisory:semver:1101089 Completed in 0ms
206 timing metavuln:calculate:security-advisory:semver:1101089 Completed in 34ms
207 timing metavuln:load:security-advisory:semver:1101090 Completed in 0ms
208 timing metavuln:calculate:security-advisory:semver:1101090 Completed in 34ms
209 http fetch GET 200 https://registry.npmjs.org/got 36ms (cache hit)
210 timing metavuln:packument:got Completed in 38ms
211 timing metavuln:load:security-advisory:got:1088948 Completed in 1ms
212 timing metavuln:calculate:security-advisory:got:1088948 Completed in 39ms
213 http fetch GET 200 https://registry.npmjs.org/path-to-regexp 37ms (cache hit)
214 timing metavuln:packument:path-to-regexp Completed in 37ms
215 timing metavuln:load:security-advisory:path-to-regexp:1101850 Completed in 0ms
216 timing metavuln:calculate:security-advisory:path-to-regexp:1101850 Completed in 37ms
217 timing metavuln:load:security-advisory:path-to-regexp:1105199 Completed in 0ms
218 timing metavuln:calculate:security-advisory:path-to-regexp:1105199 Completed in 37ms
219 http fetch GET 200 https://registry.npmjs.org/http-cache-semantics 39ms (cache hit)
220 timing metavuln:packument:http-cache-semantics Completed in 39ms
221 timing metavuln:load:security-advisory:http-cache-semantics:1102456 Completed in 0ms
222 timing metavuln:calculate:security-advisory:http-cache-semantics:1102456 Completed in 40ms
223 http fetch GET 200 https://registry.npmjs.org/serve-static 37ms (cache hit)
224 timing metavuln:packument:serve-static Completed in 37ms
225 timing metavuln:load:security-advisory:serve-static:1100528 Completed in 0ms
226 timing metavuln:calculate:security-advisory:serve-static:1100528 Completed in 37ms
227 http fetch GET 200 https://registry.npmjs.org/send 37ms (cache hit)
228 timing metavuln:packument:send Completed in 38ms
229 timing metavuln:load:security-advisory:send:1100526 Completed in 0ms
230 timing metavuln:calculate:security-advisory:send:1100526 Completed in 38ms
231 http fetch GET 200 https://registry.npmjs.org/qs 38ms (cache hit)
232 timing metavuln:packument:qs Completed in 40ms
233 timing metavuln:load:security-advisory:qs:1104122 Completed in 0ms
234 timing metavuln:calculate:security-advisory:qs:1104122 Completed in 40ms
235 http fetch GET 200 https://registry.npmjs.org/socket.io 38ms (cache hit)
236 timing metavuln:packument:socket.io Completed in 40ms
237 timing metavuln:load:security-advisory:socket.io:1100550 Completed in 0ms
238 timing metavuln:calculate:security-advisory:socket.io:1100550 Completed in 40ms
239 http fetch GET 200 https://registry.npmjs.org/mongodb 43ms (cache hit)
240 timing metavuln:packument:mongodb Completed in 50ms
241 timing metavuln:load:security-advisory:mongodb:1102448 Completed in 2ms
242 timing metavuln:calculate:security-advisory:mongodb:1102448 Completed in 52ms
243 http fetch GET 200 https://registry.npmjs.org/mongoose 53ms (cache hit)
244 timing metavuln:packument:mongoose Completed in 60ms
245 timing metavuln:load:security-advisory:mongoose:1101061 Completed in 7ms
246 timing metavuln:calculate:security-advisory:mongoose:1101061 Completed in 67ms
247 timing metavuln:load:security-advisory:mongoose:1101838 Completed in 7ms
248 timing metavuln:calculate:security-advisory:mongoose:1101838 Completed in 74ms
249 timing metavuln:load:security-advisory:mongoose:1095079 Completed in 2ms
250 timing metavuln:calculate:security-advisory:mongoose:1095079 Completed in 76ms
251 timing metavuln:load:security-advisory:mongoose:1095081 Completed in 1ms
252 timing metavuln:calculate:security-advisory:mongoose:1095081 Completed in 77ms
253 timing metavuln:load:security-advisory:mongoose:1097159 Completed in 2ms
254 timing metavuln:calculate:security-advisory:mongoose:1097159 Completed in 79ms
255 http fetch GET 200 https://registry.npmjs.org/tar 77ms (cache hit)
256 timing metavuln:packument:tar Completed in 78ms
257 timing metavuln:load:security-advisory:tar:1097493 Completed in 0ms
258 timing metavuln:calculate:security-advisory:tar:1097493 Completed in 78ms
259 http fetch GET 200 https://registry.npmjs.org/socket.io-parser 78ms (cache hit)
260 timing metavuln:packument:socket.io-parser Completed in 78ms
261 timing metavuln:load:security-advisory:socket.io-parser:1100541 Completed in 0ms
262 timing metavuln:calculate:security-advisory:socket.io-parser:1100541 Completed in 78ms
263 timing metavuln:load:security-advisory:socket.io-parser:1097135 Completed in 1ms
264 timing metavuln:calculate:security-advisory:socket.io-parser:1097135 Completed in 79ms
265 http fetch GET 200 https://registry.npmjs.org/ws 80ms (cache hit)
266 timing metavuln:packument:ws Completed in 80ms
267 timing metavuln:load:security-advisory:ws:1098392 Completed in 1ms
268 timing metavuln:calculate:security-advisory:ws:1098392 Completed in 81ms
269 timing metavuln:cache:get:security-advisory:express:jvTd6gzTcOHtTpI+4CX7Ne4qICdj+n1Uun+dHPDk1JAyy9ltqA8JnsvVhBi+M0Y+kR5QoSv5YqjecJACWBUhEA== Completed in 0ms
270 timing metavuln:load:security-advisory:express:uoEU0GS6gk35ZdcQ5nagZYzZcDz5Th0PEvPIVa8rzwbO20pRdxYbAhpIm6Wc5MALXoWb1C4X8WqCtH02U0Wo1A== Completed in 1ms
271 timing metavuln:calculate:security-advisory:express:uoEU0GS6gk35ZdcQ5nagZYzZcDz5Th0PEvPIVa8rzwbO20pRdxYbAhpIm6Wc5MALXoWb1C4X8WqCtH02U0Wo1A== Completed in 1ms
272 timing metavuln:cache:get:security-advisory:minimatch:EdzP79sukXfwnaTxyFO/a1+fXPBBvIH9NlsgWGTGWGSpQkNPxYQxFaMxiKCAwfckwBABbsvD1jCrk+QZ4W56Rw== Completed in 0ms
273 http fetch GET 200 https://registry.npmjs.org/minimatch 2ms (cache hit)
274 timing metavuln:packument:minimatch Completed in 2ms
275 timing metavuln:load:security-advisory:minimatch:7IQMvcVTr+svbh5KCx4Kl6FQKJ1GciM03BnJAve/5WYJjUeRzKAIrStVpfachbl3T6a7o8nYlQEVG6Ih0TNXRg== Completed in 0ms
276 timing metavuln:calculate:security-advisory:minimatch:7IQMvcVTr+svbh5KCx4Kl6FQKJ1GciM03BnJAve/5WYJjUeRzKAIrStVpfachbl3T6a7o8nYlQEVG6Ih0TNXRg== Completed in 2ms
277 timing metavuln:cache:get:security-advisory:chokidar:LU+YLfVnn6vFXVAvnsGqd58Rz8g6tJ60ZMP+wazsDeQPoFbTHjxfCKIpn7lW6acFOIKvNjhthFMXqTIaWevt+w== Completed in 0ms
278 http fetch GET 200 https://registry.npmjs.org/chokidar 1ms (cache hit)
279 timing metavuln:packument:chokidar Completed in 2ms
280 timing metavuln:load:security-advisory:chokidar:JiXBFkEDkUnBQLw3PO6emUmmm2JXqgEbh+FhB3SNDS8k6Z0wM20irrfaOjjxYuMxZaKaDudvR037mtEoeqZzXw== Completed in 0ms
281 timing metavuln:calculate:security-advisory:chokidar:JiXBFkEDkUnBQLw3PO6emUmmm2JXqgEbh+FhB3SNDS8k6Z0wM20irrfaOjjxYuMxZaKaDudvR037mtEoeqZzXw== Completed in 2ms
282 timing metavuln:cache:get:security-advisory:engine.io:0JrI+IxZOECLcJbDWegL+skO6w7t+D6f4gCyQcxvNGdf4UrR45fgzMq+GjgAo6eonA4erOD2dWmEeNq4v3VbIw== Completed in 1ms
283 timing metavuln:load:security-advisory:engine.io:EFt7h/FZLeopARa06+F2CBY5ItUm007mP/cHgZjTJZX1MeIwg3JD7toSioRoDeE8wm5VdkimqlS+CnuPhZqbIg== Completed in 0ms
284 timing metavuln:calculate:security-advisory:engine.io:EFt7h/FZLeopARa06+F2CBY5ItUm007mP/cHgZjTJZX1MeIwg3JD7toSioRoDeE8wm5VdkimqlS+CnuPhZqbIg== Completed in 1ms
285 timing metavuln:cache:get:security-advisory:express:sb5aHYxuv7oTd2v1ApotGTTuwOWqb9o3qRQ2W5Aju5V6v7nYbGS+2GR0OxQkrB3Sgzu051IbP4LwzpKgrH2WGQ== Completed in 1ms
286 timing metavuln:load:security-advisory:express:EFt7h/FZLeopARa06+F2CBY5ItUm007mP/cHgZjTJZX1MeIwg3JD7toSioRoDeE8wm5VdkimqlS+CnuPhZqbIg== Completed in 0ms
287 timing metavuln:calculate:security-advisory:express:EFt7h/FZLeopARa06+F2CBY5ItUm007mP/cHgZjTJZX1MeIwg3JD7toSioRoDeE8wm5VdkimqlS+CnuPhZqbIg== Completed in 1ms
288 timing metavuln:cache:get:security-advisory:socket.io:6YV4DZ6ZSJO/2mtS+X2V1Ap+2LcFfVUD0C0ksa3Ct5Kn/IkkwfKygpqyQ2nY/vmDq1UXNB1OeG/GdFQNhVjYbA== Completed in 1ms
289 timing metavuln:load:security-advisory:socket.io:y2OTAHkv1d9kaFDbmFFZjA+RxAMj+l209sXD/dGTLHLq0FUY2yh4QiBSaF3MGDAiPMPtHk+GQjG+sWLZoM6bMg== Completed in 0ms
290 timing metavuln:calculate:security-advisory:socket.io:y2OTAHkv1d9kaFDbmFFZjA+RxAMj+l209sXD/dGTLHLq0FUY2yh4QiBSaF3MGDAiPMPtHk+GQjG+sWLZoM6bMg== Completed in 1ms
291 timing metavuln:cache:get:security-advisory:package-json:cXSOzFEMMrNmriTdTGZCU6xykKZ0LsIH6Aen5R37rgyTgB4yHl2T+r1Q/nhFOu5TIllPmEKmLe6MLJw1CYwPAg== Completed in 1ms
292 http fetch GET 200 https://registry.npmjs.org/package-json 2ms (cache hit)
293 timing metavuln:packument:package-json Completed in 2ms
294 timing metavuln:load:security-advisory:package-json:6RwqOtyKHRfIYfVtDkU86+jmAkm03OLYFGvOQUWcpuzfU8h8RNz3w5ZFTGeJ+8QNC0jGK3xFL9UvdqMN+kLCrg== Completed in 0ms
295 timing metavuln:calculate:security-advisory:package-json:6RwqOtyKHRfIYfVtDkU86+jmAkm03OLYFGvOQUWcpuzfU8h8RNz3w5ZFTGeJ+8QNC0jGK3xFL9UvdqMN+kLCrg== Completed in 2ms
296 timing metavuln:cache:get:security-advisory:cacheable-request:k7qt/yo/FS2lS+KrLxYQfcCbFfaboT4pAJs+B1u4XpF/pW1e4QEHqDG/H8fGfjzOGizwXQ0oIHEM68zUnucXlA== Completed in 1ms
297 http fetch GET 200 https://registry.npmjs.org/cacheable-request 1ms (cache hit)
298 timing metavuln:packument:cacheable-request Completed in 3ms
299 timing metavuln:load:security-advisory:cacheable-request:Xx3GwjZQdBd0MT2nVmfhtFZXq0GVgvuqbqkBbOnWn+Q/TMtejLSDhzFddGrUyiDC7yX3SelIzIpAejYIMU/FqA== Completed in 0ms
300 timing metavuln:calculate:security-advisory:cacheable-request:Xx3GwjZQdBd0MT2nVmfhtFZXq0GVgvuqbqkBbOnWn+Q/TMtejLSDhzFddGrUyiDC7yX3SelIzIpAejYIMU/FqA== Completed in 3ms
301 timing metavuln:cache:get:security-advisory:socks:re7e5WgYC0N2yCcyKEpIVOef1b0RSDx7Y0SpqokON2S0og4NBc+basQ12t25Rom7giF5cYm2S3iMuCSJlhszhQ== Completed in 1ms
302 http fetch GET 200 https://registry.npmjs.org/socks 2ms (cache hit)
303 timing metavuln:packument:socks Completed in 2ms
304 timing metavuln:load:security-advisory:socks:FcMhhitnipE8n5zCPiVRq2NLRNmu7UZkoO9lrM5CRC/emGwY5wSoa1+q1Q1Z8SPpfXO9tzox/MNRv7luhyJvqg== Completed in 0ms
305 timing metavuln:calculate:security-advisory:socks:FcMhhitnipE8n5zCPiVRq2NLRNmu7UZkoO9lrM5CRC/emGwY5wSoa1+q1Q1Z8SPpfXO9tzox/MNRv7luhyJvqg== Completed in 2ms
306 timing metavuln:cache:get:security-advisory:@mapbox/node-pre-gyp:84pqVQFeEVRce/gG7baee+8IYLOk2ec99epRZu+fw82/c/WNQYBfgMUel6x17UqnEqwDCRR0bxJCGy9hTnt6Sg== Completed in 2ms
307 timing metavuln:cache:get:security-advisory:update-notifier:Gwrm7Qpk6ZeUs5UDcBerAh6LgDjlX0EzMycFdonZ3t4mmVkEA0OeF86vJhXMgsBIfc0e0PBo9NGqCtPc7UvDrQ== Completed in 1ms
308 http fetch GET 200 https://registry.npmjs.org/@mapbox%2fnode-pre-gyp 3ms (cache hit)
309 timing metavuln:packument:@mapbox/node-pre-gyp Completed in 4ms
310 timing metavuln:load:security-advisory:@mapbox/node-pre-gyp:Naq1CJMfecJBJMmqOv5emO+A914rqdkiOI2bP060S0GlI/Ryqht9JKmX0fFLz2hhwbvhm515GDG4KjMr9woLSw== Completed in 0ms
311 timing metavuln:calculate:security-advisory:@mapbox/node-pre-gyp:Naq1CJMfecJBJMmqOv5emO+A914rqdkiOI2bP060S0GlI/Ryqht9JKmX0fFLz2hhwbvhm515GDG4KjMr9woLSw== Completed in 4ms
312 http fetch GET 200 https://registry.npmjs.org/update-notifier 3ms (cache hit)
313 timing metavuln:packument:update-notifier Completed in 4ms
314 timing metavuln:load:security-advisory:update-notifier:Naq1CJMfecJBJMmqOv5emO+A914rqdkiOI2bP060S0GlI/Ryqht9JKmX0fFLz2hhwbvhm515GDG4KjMr9woLSw== Completed in 0ms
315 timing metavuln:calculate:security-advisory:update-notifier:Naq1CJMfecJBJMmqOv5emO+A914rqdkiOI2bP060S0GlI/Ryqht9JKmX0fFLz2hhwbvhm515GDG4KjMr9woLSw== Completed in 4ms
316 timing metavuln:cache:get:security-advisory:nodemon:Zmx+zsLIyU2rFqli8KPna777zFZnaexNxDKX6+HUW5mweMDXxxdnN3NIFMMUWS41VQYEQdyX7AqIquATuKNntQ== Completed in 1ms
317 http fetch GET 200 https://registry.npmjs.org/nodemon 3ms (cache hit)
318 timing metavuln:packument:nodemon Completed in 4ms
319 timing metavuln:load:security-advisory:nodemon:olqqJ3HiW7dU+I/dCOKmEppQ6Wzx126FOT2A3BkbZs48k/cKPSqKvmViJ6Fz4pvaqjbjBK1wUeIf1zOqEVwKog== Completed in 0ms
320 timing metavuln:calculate:security-advisory:nodemon:olqqJ3HiW7dU+I/dCOKmEppQ6Wzx126FOT2A3BkbZs48k/cKPSqKvmViJ6Fz4pvaqjbjBK1wUeIf1zOqEVwKog== Completed in 5ms
321 timing metavuln:cache:get:security-advisory:make-dir:1zu8x/chRBnyr/5wRmgK+SCbMvIgGPpfT5fKy1xju8QAcud0qMMJVyJaWUy0sqr6ZUwmyGm7wt+UN9Gigj1FkQ== Completed in 1ms
322 timing metavuln:cache:get:security-advisory:package-json:aMxP7CQizVpvbBXV6bWWF5DOjxpLtCP5R7glP9LRjKjYyuV0kkjY/sc6LFyaWO7LBhY+VRkYfpaqKnQXxZsqUA== Completed in 1ms
323 timing metavuln:load:security-advisory:package-json:p1FjR0jnxQHZDdEXKy9EsOlQB0wGQIQxKUwYUoBqalHPhablXJ1gzv+/5G0mtQLV1yzmDZ2Rarp+VpFnhsyRvg== Completed in 0ms
324 timing metavuln:calculate:security-advisory:package-json:p1FjR0jnxQHZDdEXKy9EsOlQB0wGQIQxKUwYUoBqalHPhablXJ1gzv+/5G0mtQLV1yzmDZ2Rarp+VpFnhsyRvg== Completed in 1ms
325 timing metavuln:cache:get:security-advisory:semver-diff:DpfOS2r3lpydVZb8C1lPdVevD1o6QJ15kpX6LQS4/LlKN7yphhkFvGPRy66FbbkMjevrlgjNLS0ARTENaeTqGQ== Completed in 1ms
326 http fetch GET 200 https://registry.npmjs.org/make-dir 3ms (cache hit)
327 timing metavuln:packument:make-dir Completed in 3ms
328 timing metavuln:load:security-advisory:make-dir:p1FjR0jnxQHZDdEXKy9EsOlQB0wGQIQxKUwYUoBqalHPhablXJ1gzv+/5G0mtQLV1yzmDZ2Rarp+VpFnhsyRvg== Completed in 0ms
329 timing metavuln:calculate:security-advisory:make-dir:p1FjR0jnxQHZDdEXKy9EsOlQB0wGQIQxKUwYUoBqalHPhablXJ1gzv+/5G0mtQLV1yzmDZ2Rarp+VpFnhsyRvg== Completed in 3ms
330 http fetch GET 200 https://registry.npmjs.org/semver-diff 3ms (cache hit)
331 timing metavuln:packument:semver-diff Completed in 3ms
332 timing metavuln:load:security-advisory:semver-diff:p1FjR0jnxQHZDdEXKy9EsOlQB0wGQIQxKUwYUoBqalHPhablXJ1gzv+/5G0mtQLV1yzmDZ2Rarp+VpFnhsyRvg== Completed in 0ms
333 timing metavuln:calculate:security-advisory:semver-diff:p1FjR0jnxQHZDdEXKy9EsOlQB0wGQIQxKUwYUoBqalHPhablXJ1gzv+/5G0mtQLV1yzmDZ2Rarp+VpFnhsyRvg== Completed in 3ms
334 timing metavuln:cache:get:security-advisory:mongoose:uiQb67wfQx2yLctaC/n0oXRijga7AcZdwDkslfV08qITIJIt9rocFeMaG2RL48B1Ju/kQK7U8H2aLfB/a+2vJQ== Completed in 1ms
335 timing metavuln:load:security-advisory:mongoose:vHm8T8oWENQ3WDA4Oynz8/gpMKrHuCBviMyMLgTlDziT9IpohP9HRhJojHh7BQNzUAPjtYMVD5oxkK2VX9quqg== Completed in 1ms
336 timing metavuln:calculate:security-advisory:mongoose:vHm8T8oWENQ3WDA4Oynz8/gpMKrHuCBviMyMLgTlDziT9IpohP9HRhJojHh7BQNzUAPjtYMVD5oxkK2VX9quqg== Completed in 2ms
337 timing metavuln:cache:get:security-advisory:express:LRbUnr0WeU21QXyqYq0LKWnxCksZVHamePIRXV3//T9Aj7u3VWNsnM6K5ujI/Z6dfOKKNzbMDayMt+lQ7d6K3A== Completed in 0ms
338 timing metavuln:load:security-advisory:express:1zdQfT/2s1/9HPIPcJl7TnWCFxsytt3sSe7T+xPf8FNpp2H4co4yvyKagGg4lKEjTVlcftvXdieAZPONp1djoQ== Completed in 1ms
339 timing metavuln:calculate:security-advisory:express:1zdQfT/2s1/9HPIPcJl7TnWCFxsytt3sSe7T+xPf8FNpp2H4co4yvyKagGg4lKEjTVlcftvXdieAZPONp1djoQ== Completed in 1ms
340 timing metavuln:cache:get:security-advisory:body-parser:1JEB6oYLqgBE5Z6Yfd3EF2muq2ynXC/0QDNPOaLbi3/VM6lBiuejn7mP5RpHFiNo4Esu+xapu3tuCpKz0vdtOw== Completed in 0ms
341 timing metavuln:load:security-advisory:body-parser:wfRKRmBpkREFdo/DqUTIqhl2OGW+hXHeeE/v+ugHBrG512NOSMQ+jOOc99Ds+1iHgawryOaqxl75Dk+sD4OvHw== Completed in 0ms
342 timing metavuln:calculate:security-advisory:body-parser:wfRKRmBpkREFdo/DqUTIqhl2OGW+hXHeeE/v+ugHBrG512NOSMQ+jOOc99Ds+1iHgawryOaqxl75Dk+sD4OvHw== Completed in 0ms
343 timing metavuln:cache:get:security-advisory:express:Qu0UmRRD1e1/zDiXjOWVk45d/G6nEgMj3b/FoTZmdnJ1klqeHkPJxf9RqxeCwWKt0tkPCFcXYWTsaqWRCrvlTA== Completed in 0ms
344 timing metavuln:load:security-advisory:express:wfRKRmBpkREFdo/DqUTIqhl2OGW+hXHeeE/v+ugHBrG512NOSMQ+jOOc99Ds+1iHgawryOaqxl75Dk+sD4OvHw== Completed in 1ms
345 timing metavuln:calculate:security-advisory:express:wfRKRmBpkREFdo/DqUTIqhl2OGW+hXHeeE/v+ugHBrG512NOSMQ+jOOc99Ds+1iHgawryOaqxl75Dk+sD4OvHw== Completed in 1ms
346 timing metavuln:cache:get:security-advisory:express:Qe6VF1gD5PmAmaVNrJr0J8EQ8Qwml8HW8gKRPrVTt49nXoALpdty5p0HEWXknOQEYO9qrvzPNstxfrAZkwfmTA== Completed in 0ms
347 timing metavuln:load:security-advisory:express:OO84Jm+bi6L8ol/TxvTv+544ykBtTelmjwigseeY2D0sCzg0KsHTtaRRJob9h32hC3fi9i3JSBR51oHF0vvyRQ== Completed in 1ms
348 timing metavuln:calculate:security-advisory:express:OO84Jm+bi6L8ol/TxvTv+544ykBtTelmjwigseeY2D0sCzg0KsHTtaRRJob9h32hC3fi9i3JSBR51oHF0vvyRQ== Completed in 1ms
349 timing metavuln:cache:get:security-advisory:serve-static:rFrbBZRsSM/oAPkR1kIOYwnT14s34lSDNsxxJua0O3dwCHVL9UuENLbLNsnwWaFICcgsfpfgwdjwWHwu1nJzWQ== Completed in 1ms
350 timing metavuln:load:security-advisory:serve-static:OO84Jm+bi6L8ol/TxvTv+544ykBtTelmjwigseeY2D0sCzg0KsHTtaRRJob9h32hC3fi9i3JSBR51oHF0vvyRQ== Completed in 0ms
351 timing metavuln:calculate:security-advisory:serve-static:OO84Jm+bi6L8ol/TxvTv+544ykBtTelmjwigseeY2D0sCzg0KsHTtaRRJob9h32hC3fi9i3JSBR51oHF0vvyRQ== Completed in 1ms
352 timing metavuln:cache:get:security-advisory:express:kykTo4VuC2rM2MB0/ANQ51tOegcUPd67Lh4iIK7TUUpqt61eQaJ70XtItcffrJ8PoIYxwtnuqm5DJGT19JMA/A== Completed in 0ms
353 timing metavuln:load:security-advisory:express:VyBBWzRCPk4QPwU71mkZJ+QZdwW0bnbx/lUJDdvhij3t67jGrB4z2A5Ryyta1VjZgpmZ9kuyannc46B7jSSuiQ== Completed in 1ms
354 timing metavuln:calculate:security-advisory:express:VyBBWzRCPk4QPwU71mkZJ+QZdwW0bnbx/lUJDdvhij3t67jGrB4z2A5Ryyta1VjZgpmZ9kuyannc46B7jSSuiQ== Completed in 1ms
355 timing metavuln:cache:get:security-advisory:socket.io:wNCD26f4IxllEjA533YaJ7wc2CFqEkeZEigzZ0jt9MD4Q1tFMy3sFcazjiO3Dhjoo3ENcRKrutKPbtBtU1Ptfw== Completed in 2ms
356 timing metavuln:load:security-advisory:socket.io:KHT3pfMOTmYPNnvuk0fNnB3nuqsIwhygRkvtQ2zyCUMHCTUtFFzbvKwzIh0MOFrZ4QY1i5gZjEJUG45iF11t3A== Completed in 0ms
357 timing metavuln:calculate:security-advisory:socket.io:KHT3pfMOTmYPNnvuk0fNnB3nuqsIwhygRkvtQ2zyCUMHCTUtFFzbvKwzIh0MOFrZ4QY1i5gZjEJUG45iF11t3A== Completed in 2ms
358 timing metavuln:cache:get:security-advisory:@mapbox/node-pre-gyp:lFA06H667P4M/hTkHlZDeO8udPq9a1BvjAz9QWCl+U2kuZ/CG8j6k8k1yiEzhSo2tI6W3mIN0SaF0uRYsaAKyg== Completed in 0ms
359 timing metavuln:load:security-advisory:@mapbox/node-pre-gyp:xsfciMtNhQn+Vb692L8h5HEYBYUJ5Lhjy3bF//LOsKSn8tp0f1hbuDX26k9UtKJNPZjM5uuq2Cxlz3KwL19oJg== Completed in 0ms
360 timing metavuln:calculate:security-advisory:@mapbox/node-pre-gyp:xsfciMtNhQn+Vb692L8h5HEYBYUJ5Lhjy3bF//LOsKSn8tp0f1hbuDX26k9UtKJNPZjM5uuq2Cxlz3KwL19oJg== Completed in 0ms
361 timing metavuln:cache:get:security-advisory:engine.io:eh8Bym5n1a+gR6VsjAS5iHiVs86/9/qnqLR7EOXl7UUziM28DdDljzSrMzHF70Sl8u0v87nRBmJYWT+vOVlaJQ== Completed in 0ms
362 timing metavuln:load:security-advisory:engine.io:v2Har794Be+6XfcvT/NJHW1cDl3bIscCiu/kNNCIy/l00C5P2Cx1BODrleH5tIDK9p3TMcvLzGMY0Lz9rde8Ww== Completed in 0ms
363 timing metavuln:calculate:security-advisory:engine.io:v2Har794Be+6XfcvT/NJHW1cDl3bIscCiu/kNNCIy/l00C5P2Cx1BODrleH5tIDK9p3TMcvLzGMY0Lz9rde8Ww== Completed in 0ms
364 timing metavuln:cache:get:security-advisory:latest-version:es7CtX39oUDG5qiC5N7RyNR+LcR5XTl5nZh1BTpAbdpM+BqpiWX17D0lUoxjGYIQa4jQBuPoFrAuzNJTTCSDUg== Completed in 1ms
365 http fetch GET 200 https://registry.npmjs.org/latest-version 1ms (cache hit)
366 timing metavuln:packument:latest-version Completed in 3ms
367 timing metavuln:load:security-advisory:latest-version:cXSOzFEMMrNmriTdTGZCU6xykKZ0LsIH6Aen5R37rgyTgB4yHl2T+r1Q/nhFOu5TIllPmEKmLe6MLJw1CYwPAg== Completed in 0ms
368 timing metavuln:calculate:security-advisory:latest-version:cXSOzFEMMrNmriTdTGZCU6xykKZ0LsIH6Aen5R37rgyTgB4yHl2T+r1Q/nhFOu5TIllPmEKmLe6MLJw1CYwPAg== Completed in 3ms
369 timing metavuln:cache:get:security-advisory:mongodb:IUJ9SQ1E3oHkfS7LU28Fc2fs6qAL/Iidif5iuHjAVMwks3zzQYaj2EOzVokUNfqaQOHdphxjgCMuAQAIfxC2Uw== Completed in 0ms
370 timing metavuln:load:security-advisory:mongodb:re7e5WgYC0N2yCcyKEpIVOef1b0RSDx7Y0SpqokON2S0og4NBc+basQ12t25Rom7giF5cYm2S3iMuCSJlhszhQ== Completed in 3ms
371 timing metavuln:calculate:security-advisory:mongodb:re7e5WgYC0N2yCcyKEpIVOef1b0RSDx7Y0SpqokON2S0og4NBc+basQ12t25Rom7giF5cYm2S3iMuCSJlhszhQ== Completed in 3ms
372 timing metavuln:cache:get:security-advisory:update-notifier:1W+NgOc8MG4H++eU0nVeS4Jr5ZGEr7p7ogQburQL9BqPAbj8PXb1t86hoU3mJVGsXLXWwo8jBBlu8cExVphmMQ== Completed in 1ms
373 timing metavuln:load:security-advisory:update-notifier:es7CtX39oUDG5qiC5N7RyNR+LcR5XTl5nZh1BTpAbdpM+BqpiWX17D0lUoxjGYIQa4jQBuPoFrAuzNJTTCSDUg== Completed in 0ms
374 timing metavuln:calculate:security-advisory:update-notifier:es7CtX39oUDG5qiC5N7RyNR+LcR5XTl5nZh1BTpAbdpM+BqpiWX17D0lUoxjGYIQa4jQBuPoFrAuzNJTTCSDUg== Completed in 1ms
375 timing metavuln:cache:get:security-advisory:nodemon:KXofE7fs5M1QYBCb54eV6fxMwHMf2P+TlrD82stx6AU/2a00WsNkvNqUPfjTcdz8xgz++DE/HRCdnONMazl7jA== Completed in 0ms
376 timing metavuln:load:security-advisory:nodemon:1W+NgOc8MG4H++eU0nVeS4Jr5ZGEr7p7ogQburQL9BqPAbj8PXb1t86hoU3mJVGsXLXWwo8jBBlu8cExVphmMQ== Completed in 1ms
377 timing metavuln:calculate:security-advisory:nodemon:1W+NgOc8MG4H++eU0nVeS4Jr5ZGEr7p7ogQburQL9BqPAbj8PXb1t86hoU3mJVGsXLXWwo8jBBlu8cExVphmMQ== Completed in 1ms
378 timing auditReport:init Completed in 136ms
379 timing reify:audit Completed in 333ms
380 timing reify Completed in 1239ms
381 silly ADD node_modules/typedarray
382 silly ADD node_modules/buffer-from
383 silly ADD node_modules/streamsearch
384 silly ADD node_modules/xtend
385 silly ADD node_modules/concat-stream
386 silly ADD node_modules/busboy
387 silly ADD node_modules/append-field
388 silly ADD node_modules/multer
389 silly ADD node_modules/multer/node_modules/mkdirp
390 silly ADD
391 silly CHANGE node_modules/minimist
392 timing command:install Completed in 1265ms
393 verbose exit 0
394 timing npm Completed in 1281ms
395 info ok
