0 verbose cli /usr/bin/node /usr/bin/npm
1 info using npm@9.2.0
2 info using node@v20.19.2
3 timing npm:load:whichnode Completed in 0ms
4 timing config:load:defaults Completed in 1ms
5 timing config:load:file:/usr/share/nodejs/npm/npmrc Completed in 2ms
6 timing config:load:builtin Completed in 2ms
7 timing config:load:cli Completed in 1ms
8 timing config:load:env Completed in 0ms
9 timing config:load:file:/itayg2341__chat-app-react/server/.npmrc Completed in 1ms
10 timing config:load:project Completed in 1ms
11 timing config:load:file:/itayg2341__chat-app-react/.npmrc Completed in 0ms
12 timing config:load:user Completed in 0ms
13 timing config:load:file:/etc/npmrc Completed in 0ms
14 timing config:load:global Completed in 0ms
15 timing config:load:setEnvs Completed in 1ms
16 timing config:load Completed in 6ms
17 timing npm:load:configload Completed in 6ms
18 timing npm:load:mkdirpcache Completed in 0ms
19 timing npm:load:mkdirplogs Completed in 0ms
20 verbose title npm start
21 verbose argv "--prefix" "server" "start"
22 timing npm:load:setTitle Completed in 0ms
23 timing config:load:flatten Completed in 2ms
24 timing npm:load:display Completed in 2ms
25 verbose logfile logs-max:10 dir:/itayg2341__chat-app-react/.npm/_logs/2025-09-01T20_52_13_932Z-
26 verbose logfile /itayg2341__chat-app-react/.npm/_logs/2025-09-01T20_52_13_932Z-debug-0.log
27 timing npm:load:logFile Completed in 4ms
28 timing npm:load:timers Completed in 0ms
29 timing npm:load:configScope Completed in 0ms
30 timing npm:load Completed in 12ms
31 silly logfile done cleaning log files
32 timing config:load:flatten Completed in 0ms
33 timing command:run-script Completed in 129ms
34 timing command:start Completed in 130ms
35 verbose exit 1
36 timing npm Completed in 147ms
37 verbose code 1
